[2025-03-20 20:00:24,752] INFO [bluesky-AI|task-0] Polling Bluesky for ArtificialIntelligence for posts using offset 2025-03-20T18:58:15.398Z (uk.co.dalelane.kafkaconnect.bluesky.api.BlueskyClient:208)
[2025-03-20 20:00:25,389] INFO [bluesky-AI|task-0] Polling Bluesky for ArtificialIntelligence for posts using offset 2025-03-20T19:00:00.000Z (uk.co.dalelane.kafkaconnect.bluesky.api.BlueskyClient:208)
[2025-03-20 20:00:29,015] INFO [bluesky-AI|task-0|offsets] WorkerSourceTask{id=bluesky-AI-0} Committing offsets for 1 acknowledged messages (org.apache.kafka.connect.runtime.WorkerSourceTask:235)
[2025-03-20 20:01:24,752] INFO [bluesky-AI|task-0] Polling Bluesky for ArtificialIntelligence for posts using offset 2025-03-20T19:00:00.000Z (uk.co.dalelane.kafkaconnect.bluesky.api.BlueskyClient:208)
[2025-03-20 20:01:41,868] INFO [AdminClient clientId=connect-cluster-shared-admin] Node 0 disconnected. (org.apache.kafka.clients.NetworkClient:1017)
[2025-03-20 20:01:59,116] INFO [file-source-distributed|task-0] [Producer clientId=connector-producer-file-source-distributed-0] Node -1 disconnected. (org.apache.kafka.clients.NetworkClient:1017)
[2025-03-20 20:02:24,752] INFO [bluesky-AI|task-0] Polling Bluesky for ArtificialIntelligence for posts using offset 2025-03-20T19:00:00.000Z (uk.co.dalelane.kafkaconnect.bluesky.api.BlueskyClient:208)
[2025-03-20 20:03:24,752] INFO [bluesky-AI|task-0] Polling Bluesky for ArtificialIntelligence for posts using offset 2025-03-20T19:00:00.000Z (uk.co.dalelane.kafkaconnect.bluesky.api.BlueskyClient:208)
[2025-03-20 20:03:25,142] INFO [bluesky-AI|task-0] Polling Bluesky for ArtificialIntelligence for posts using offset 2025-03-20T19:03:00.692Z (uk.co.dalelane.kafkaconnect.bluesky.api.BlueskyClient:208)
[2025-03-20 20:03:29,022] INFO [bluesky-AI|task-0|offsets] WorkerSourceTask{id=bluesky-AI-0} Committing offsets for 1 acknowledged messages (org.apache.kafka.connect.runtime.WorkerSourceTask:235)
[2025-03-20 20:04:24,752] INFO [bluesky-AI|task-0] Polling Bluesky for ArtificialIntelligence for posts using offset 2025-03-20T19:03:00.692Z (uk.co.dalelane.kafkaconnect.bluesky.api.BlueskyClient:208)
[2025-03-20 20:05:24,753] INFO [bluesky-AI|task-0] Polling Bluesky for ArtificialIntelligence for posts using offset 2025-03-20T19:03:00.692Z (uk.co.dalelane.kafkaconnect.bluesky.api.BlueskyClient:208)
[2025-03-20 20:06:24,753] INFO [bluesky-AI|task-0] Polling Bluesky for ArtificialIntelligence for posts using offset 2025-03-20T19:03:00.692Z (uk.co.dalelane.kafkaconnect.bluesky.api.BlueskyClient:208)
[2025-03-20 20:06:42,060] INFO [AdminClient clientId=connect-cluster-shared-admin] Node 0 disconnected. (org.apache.kafka.clients.NetworkClient:1017)
[2025-03-20 20:07:24,753] INFO [bluesky-AI|task-0] Polling Bluesky for ArtificialIntelligence for posts using offset 2025-03-20T19:03:00.692Z (uk.co.dalelane.kafkaconnect.bluesky.api.BlueskyClient:208)
[2025-03-20 20:08:24,753] INFO [bluesky-AI|task-0] Polling Bluesky for ArtificialIntelligence for posts using offset 2025-03-20T19:03:00.692Z (uk.co.dalelane.kafkaconnect.bluesky.api.BlueskyClient:208)
[2025-03-20 20:09:24,753] INFO [bluesky-AI|task-0] Polling Bluesky for ArtificialIntelligence for posts using offset 2025-03-20T19:03:00.692Z (uk.co.dalelane.kafkaconnect.bluesky.api.BlueskyClient:208)
[2025-03-20 20:10:24,753] INFO [bluesky-AI|task-0] Polling Bluesky for ArtificialIntelligence for posts using offset 2025-03-20T19:03:00.692Z (uk.co.dalelane.kafkaconnect.bluesky.api.BlueskyClient:208)
[2025-03-20 20:10:25,399] INFO [bluesky-AI|task-0] Polling Bluesky for ArtificialIntelligence for posts using offset 2025-03-20T19:10:06.221Z (uk.co.dalelane.kafkaconnect.bluesky.api.BlueskyClient:208)
[2025-03-20 20:10:29,033] INFO [bluesky-AI|task-0|offsets] WorkerSourceTask{id=bluesky-AI-0} Committing offsets for 1 acknowledged messages (org.apache.kafka.connect.runtime.WorkerSourceTask:235)
[2025-03-20 20:11:20,985] INFO [Worker clientId=connect-127.0.1.1:8083, groupId=connect-cluster] Session key updated (org.apache.kafka.connect.runtime.distributed.DistributedHerder:2483)
[2025-03-20 20:11:24,753] INFO [bluesky-AI|task-0] Polling Bluesky for ArtificialIntelligence for posts using offset 2025-03-20T19:10:06.221Z (uk.co.dalelane.kafkaconnect.bluesky.api.BlueskyClient:208)
[2025-03-20 20:12:24,753] INFO [bluesky-AI|task-0] Polling Bluesky for ArtificialIntelligence for posts using offset 2025-03-20T19:10:06.221Z (uk.co.dalelane.kafkaconnect.bluesky.api.BlueskyClient:208)
[2025-03-20 20:12:25,367] INFO [bluesky-AI|task-0] Polling Bluesky for ArtificialIntelligence for posts using offset 2025-03-20T19:12:08.176Z (uk.co.dalelane.kafkaconnect.bluesky.api.BlueskyClient:208)
[2025-03-20 20:12:29,038] INFO [bluesky-AI|task-0|offsets] WorkerSourceTask{id=bluesky-AI-0} Committing offsets for 1 acknowledged messages (org.apache.kafka.connect.runtime.WorkerSourceTask:235)
[2025-03-20 20:13:24,753] INFO [bluesky-AI|task-0] Polling Bluesky for ArtificialIntelligence for posts using offset 2025-03-20T19:12:08.176Z (uk.co.dalelane.kafkaconnect.bluesky.api.BlueskyClient:208)
[2025-03-20 20:14:24,753] INFO [bluesky-AI|task-0] Polling Bluesky for ArtificialIntelligence for posts using offset 2025-03-20T19:12:08.176Z (uk.co.dalelane.kafkaconnect.bluesky.api.BlueskyClient:208)
[2025-03-20 20:15:24,753] INFO [bluesky-AI|task-0] Polling Bluesky for ArtificialIntelligence for posts using offset 2025-03-20T19:12:08.176Z (uk.co.dalelane.kafkaconnect.bluesky.api.BlueskyClient:208)
[2025-03-20 20:16:24,753] INFO [bluesky-AI|task-0] Polling Bluesky for ArtificialIntelligence for posts using offset 2025-03-20T19:12:08.176Z (uk.co.dalelane.kafkaconnect.bluesky.api.BlueskyClient:208)
[2025-03-20 20:16:42,278] INFO [AdminClient clientId=connect-cluster-shared-admin] Node 0 disconnected. (org.apache.kafka.clients.NetworkClient:1017)
[2025-03-20 20:17:24,753] INFO [bluesky-AI|task-0] Polling Bluesky for ArtificialIntelligence for posts using offset 2025-03-20T19:12:08.176Z (uk.co.dalelane.kafkaconnect.bluesky.api.BlueskyClient:208)
[2025-03-20 20:18:24,753] INFO [bluesky-AI|task-0] Polling Bluesky for ArtificialIntelligence for posts using offset 2025-03-20T19:12:08.176Z (uk.co.dalelane.kafkaconnect.bluesky.api.BlueskyClient:208)
[2025-03-20 20:19:24,753] INFO [bluesky-AI|task-0] Polling Bluesky for ArtificialIntelligence for posts using offset 2025-03-20T19:12:08.176Z (uk.co.dalelane.kafkaconnect.bluesky.api.BlueskyClient:208)
[2025-03-20 20:20:24,753] INFO [bluesky-AI|task-0] Polling Bluesky for ArtificialIntelligence for posts using offset 2025-03-20T19:12:08.176Z (uk.co.dalelane.kafkaconnect.bluesky.api.BlueskyClient:208)
[2025-03-20 20:21:24,753] INFO [bluesky-AI|task-0] Polling Bluesky for ArtificialIntelligence for posts using offset 2025-03-20T19:12:08.176Z (uk.co.dalelane.kafkaconnect.bluesky.api.BlueskyClient:208)
[2025-03-20 20:21:42,457] INFO [AdminClient clientId=connect-cluster-shared-admin] Node 0 disconnected. (org.apache.kafka.clients.NetworkClient:1017)
[2025-03-20 20:22:24,753] INFO [bluesky-AI|task-0] Polling Bluesky for ArtificialIntelligence for posts using offset 2025-03-20T19:12:08.176Z (uk.co.dalelane.kafkaconnect.bluesky.api.BlueskyClient:208)
[2025-03-20 20:23:24,754] INFO [bluesky-AI|task-0] Polling Bluesky for ArtificialIntelligence for posts using offset 2025-03-20T19:12:08.176Z (uk.co.dalelane.kafkaconnect.bluesky.api.BlueskyClient:208)
[2025-03-20 20:24:24,754] INFO [bluesky-AI|task-0] Polling Bluesky for ArtificialIntelligence for posts using offset 2025-03-20T19:12:08.176Z (uk.co.dalelane.kafkaconnect.bluesky.api.BlueskyClient:208)
[2025-03-20 20:25:24,754] INFO [bluesky-AI|task-0] Polling Bluesky for ArtificialIntelligence for posts using offset 2025-03-20T19:12:08.176Z (uk.co.dalelane.kafkaconnect.bluesky.api.BlueskyClient:208)
[2025-03-20 20:26:24,754] INFO [bluesky-AI|task-0] Polling Bluesky for ArtificialIntelligence for posts using offset 2025-03-20T19:12:08.176Z (uk.co.dalelane.kafkaconnect.bluesky.api.BlueskyClient:208)
[2025-03-20 20:26:42,659] INFO [AdminClient clientId=connect-cluster-shared-admin] Node 0 disconnected. (org.apache.kafka.clients.NetworkClient:1017)
[2025-03-20 20:27:24,754] INFO [bluesky-AI|task-0] Polling Bluesky for ArtificialIntelligence for posts using offset 2025-03-20T19:12:08.176Z (uk.co.dalelane.kafkaconnect.bluesky.api.BlueskyClient:208)
